Traceback (most recent call last):
  File "/Users/jayco/anaconda3/lib/python3.11/site-packages/jupyter_cache/executors/utils.py", line 58, in single_nb_execution
    executenb(
  File "/Users/jayco/anaconda3/lib/python3.11/site-packages/nbclient/client.py", line 1204, in execute
    return NotebookClient(nb=nb, resources=resources, km=km, **kwargs).execute()
           ^^^^^^^^^^^^^^^^^^^^^^^^^^^^^^^^^^^^^^^^^^^^^^^^^^^^^^^^^^^^^^^^^^^^^
  File "/Users/jayco/anaconda3/lib/python3.11/site-packages/nbclient/util.py", line 84, in wrapped
    return just_run(coro(*args, **kwargs))
           ^^^^^^^^^^^^^^^^^^^^^^^^^^^^^^^
  File "/Users/jayco/anaconda3/lib/python3.11/site-packages/nbclient/util.py", line 62, in just_run
    return loop.run_until_complete(coro)
           ^^^^^^^^^^^^^^^^^^^^^^^^^^^^^
  File "/Users/jayco/anaconda3/lib/python3.11/asyncio/base_events.py", line 653, in run_until_complete
    return future.result()
           ^^^^^^^^^^^^^^^
  File "/Users/jayco/anaconda3/lib/python3.11/site-packages/nbclient/client.py", line 663, in async_execute
    await self.async_execute_cell(
  File "/Users/jayco/anaconda3/lib/python3.11/site-packages/nbclient/client.py", line 965, in async_execute_cell
    await self._check_raise_for_error(cell, cell_index, exec_reply)
  File "/Users/jayco/anaconda3/lib/python3.11/site-packages/nbclient/client.py", line 862, in _check_raise_for_error
    raise CellExecutionError.from_cell_and_msg(cell, exec_reply_content)
nbclient.exceptions.CellExecutionError: An error occurred while executing the following cell:
------------------
ts_crude = (crude_ret_skew**2)/(np.sqrt(6/len(prices['crude_log_returns'])))
tk_crude = (crude_ret_kurt-3)**2/(np.sqrt(24/len(prices['crude_log_returns'])))

ts_ng = (ng_ret_skew**2)/(np.sqrt(6/len(prices['ng_log_returns'])))
tk_ng = (ng_ret_kurt-3)**2/(np.sqrt(24/len(prices['ng_log_returns'])))

print(f'Crude Log Returns skewness t={ts_crude}, kurtosis t={tk_crude}')
print(f'NG Log Returns skewness t={ts_ng}, kurtosis t={tk_ng}')
------------------

[0;31m---------------------------------------------------------------------------[0m
[0;31mNameError[0m                                 Traceback (most recent call last)
Cell [0;32mIn[8], line 1[0m
[0;32m----> 1[0m ts_crude [38;5;241m=[39m (crude_ret_skew[38;5;241m*[39m[38;5;241m*[39m[38;5;241m2[39m)[38;5;241m/[39m(np[38;5;241m.[39msqrt([38;5;241m6[39m[38;5;241m/[39m[38;5;28mlen[39m(prices[[38;5;124m'[39m[38;5;124mcrude_log_returns[39m[38;5;124m'[39m])))
[1;32m      2[0m tk_crude [38;5;241m=[39m (crude_ret_kurt[38;5;241m-[39m[38;5;241m3[39m)[38;5;241m*[39m[38;5;241m*[39m[38;5;241m2[39m[38;5;241m/[39m(np[38;5;241m.[39msqrt([38;5;241m24[39m[38;5;241m/[39m[38;5;28mlen[39m(prices[[38;5;124m'[39m[38;5;124mcrude_log_returns[39m[38;5;124m'[39m])))
[1;32m      4[0m ts_ng [38;5;241m=[39m (ng_ret_skew[38;5;241m*[39m[38;5;241m*[39m[38;5;241m2[39m)[38;5;241m/[39m(np[38;5;241m.[39msqrt([38;5;241m6[39m[38;5;241m/[39m[38;5;28mlen[39m(prices[[38;5;124m'[39m[38;5;124mng_log_returns[39m[38;5;124m'[39m])))

[0;31mNameError[0m: name 'crude_ret_skew' is not defined
NameError: name 'crude_ret_skew' is not defined

